#
# There is insufficient memory for the Java Runtime Environment to continue.
# Native memory allocation (mmap) failed to map 134217728 bytes. Error detail: G1 virtual space
# Possible reasons:
#   The system is out of physical RAM or swap space
#   This process is running with CompressedOops enabled, and the Java Heap may be blocking the growth of the native heap
# Possible solutions:
#   Reduce memory load on the system
#   Increase physical memory or swap space
#   Check if swap backing store is full
#   Decrease Java heap size (-Xmx/-Xms)
#   Decrease number of Java threads
#   Decrease Java thread stack sizes (-Xss)
#   Set larger code cache with -XX:ReservedCodeCacheSize=
#   JVM is running with Unscaled Compressed Oops mode in which the Java heap is
#     placed in the first 4GB address space. The Java Heap base address is the
#     maximum limit for the native heap growth. Please use -XX:HeapBaseMinAddress
#     to set the Java Heap base and to place the Java Heap above 4GB virtual address.
# This output file may be truncated or incomplete.
#
#  Out of Memory Error (os_windows.cpp:3631), pid=19604, tid=18232
#
# JRE version:  (22.0.1+8) (build )
# Java VM: Java HotSpot(TM) 64-Bit Server VM (22.0.1+8-16, mixed mode, sharing, tiered, compressed oops, compressed class ptrs, g1 gc, windows-amd64)
# No core dump will be written. Minidumps are not enabled by default on client versions of Windows
#

---------------  S U M M A R Y ------------

Command Line: -Dfile.encoding=UTF-8 -Dstdout.encoding=UTF-8 -Dstderr.encoding=UTF-8 --module-path=C:\Users\novakami\Documents\Java\gachasim\bin -XX:+ShowCodeDetailsInExceptionMessages -Djdk.module.main=gachasim gachasim/gachasim.GachaSim

Host: Intel(R) Core(TM) i5-6300U CPU @ 2.40GHz, 4 cores, 7G,  Windows 10 , 64 bit Build 19041 (10.0.19041.4957)
Time: Fri Oct 25 03:15:30 2024 Malay Peninsula Standard Time elapsed time: 0.021390 seconds (0d 0h 0m 0s)

---------------  T H R E A D  ---------------

Current thread (0x0000021781eec3f0):  JavaThread "Unknown thread" [_thread_in_vm, id=18232, stack(0x000000a586b00000,0x000000a586c00000) (1024K)]

Stack: [0x000000a586b00000,0x000000a586c00000]
Native frames: (J=compiled Java code, j=interpreted, Vv=VM code, C=native code)
V  [jvm.dll+0x6e2279]  (no source info available)
V  [jvm.dll+0x874e33]  (no source info available)
V  [jvm.dll+0x87725e]  (no source info available)
V  [jvm.dll+0x877933]  (no source info available)
V  [jvm.dll+0x27fd76]  (no source info available)
V  [jvm.dll+0x6de915]  (no source info available)
V  [jvm.dll+0x6d341a]  (no source info available)
V  [jvm.dll+0x3589da]  (no source info available)
V  [jvm.dll+0x360f06]  (no source info available)
V  [jvm.dll+0x3b3e2e]  (no source info available)
V  [jvm.dll+0x3b40d8]  (no source info available)
V  [jvm.dll+0x32c59c]  (no source info available)
V  [jvm.dll+0x32d158]  (no source info available)
V  [jvm.dll+0x83ccdc]  (no source info available)
V  [jvm.dll+0x3c0d71]  (no source info available)
V  [jvm.dll+0x825ccc]  (no source info available)
V  [jvm.dll+0x45b8fe]  (no source info available)
V  [jvm.dll+0x45d781]  (no source info available)
C  [jli.dll+0x52a3]  (no source info available)
C  [ucrtbase.dll+0x21bb2]  (no source info available)
C  [KERNEL32.DLL+0x17374]  (no source info available)
C  [ntdll.dll+0x4cc91]  (no source info available)


---------------  P R O C E S S  ---------------

Threads class SMR info:
_java_thread_list=0x00007fff6c68b1c8, length=0, elements={
}

Java Threads: ( => current thread )
Total: 0

Other Threads:
  0x00000217840c0900 WorkerThread "GC Thread#0"                     [id=23820, stack(0x000000a586c00000,0x000000a586d00000) (1024K)]
  0x00000217840d1f80 ConcurrentGCThread "G1 Main Marker"            [id=15896, stack(0x000000a586d00000,0x000000a586e00000) (1024K)]
  0x00000217840d2a90 WorkerThread "G1 Conc#0"                       [id=12568, stack(0x000000a586e00000,0x000000a586f00000) (1024K)]

[error occurred during error reporting (printing all threads), id 0xc0000005, EXCEPTION_ACCESS_VIOLATION (0xc0000005) at pc=0x00007fff6bddf367]
VM state: not at safepoint (not fully initialized)

VM Mutex/Monitor currently owned by a thread:  ([mutex/lock_event])
[0x00007fff6c70bcb8] Heap_lock - owner thread: 0x0000021781eec3f0

Heap address: 0x0000000081a00000, size: 2022 MB, Compressed Oops mode: 32-bit

CDS archive(s) mapped at: [0x0000000000000000-0x0000000000000000-0x0000000000000000), size 0, SharedBaseAddress: 0x0000000800000000, ArchiveRelocationMode: 1.
Narrow klass base: 0x0000000000000000, Narrow klass shift: 0, Narrow klass range: 0x0

GC Precious Log:
 CardTable entry size: 512
 Card Set container configuration: InlinePtr #cards 5 size 8 Array Of Cards #cards 12 size 40 Howl #buckets 4 coarsen threshold 1843 Howl Bitmap #cards 512 size 80 coarsen threshold 460 Card regions per heap region 1 cards per card region 2048

Heap:
 garbage-first heap   total reserved 2070528K, committed 0K, used 0K [0x0000000081a00000, 0x0000000100000000)
  region size 1024K, 0 young (0K), 0 survivors (0K)

[error occurred during error reporting (printing heap information), id 0xc0000005, EXCEPTION_ACCESS_VIOLATION (0xc0000005) at pc=0x00007fff6c1de429]
GC Heap History (0 events):
No events

Dll operation events (1 events):
Event: 0.013 Loaded shared library C:\Program Files\Java\jdk-22\bin\java.dll

Deoptimization events (0 events):
No events

Classes loaded (0 events):
No events

Classes unloaded (0 events):
No events

Classes redefined (0 events):
No events

Internal exceptions (0 events):
No events

ZGC Phase Switch (0 events):
No events

VM Operations (0 events):
No events

Events (0 events):
No events


Dynamic libraries:
0x00007ff72c5b0000 - 0x00007ff72c5c0000 	C:\Program Files\Java\jdk-22\bin\javaw.exe
0x00007fffde010000 - 0x00007fffde208000 	C:\Windows\SYSTEM32\ntdll.dll
0x00007fffddd80000 - 0x00007fffdde42000 	C:\Windows\System32\KERNEL32.DLL
0x00007fffdb6b0000 - 0x00007fffdb9ae000 	C:\Windows\System32\KERNELBASE.dll
0x00007fffdbcf0000 - 0x00007fffdbdf0000 	C:\Windows\System32\ucrtbase.dll
0x00007fffd6c40000 - 0x00007fffd6c5b000 	C:\Program Files\Java\jdk-22\bin\VCRUNTIME140.dll
0x00007fffd4770000 - 0x00007fffd4787000 	C:\Program Files\Java\jdk-22\bin\jli.dll
0x00007fffdd8d0000 - 0x00007fffdd982000 	C:\Windows\System32\ADVAPI32.dll
0x00007fffdceb0000 - 0x00007fffdcf4e000 	C:\Windows\System32\msvcrt.dll
0x00007fffdd440000 - 0x00007fffdd4e0000 	C:\Windows\System32\sechost.dll
0x00007fffdd990000 - 0x00007fffddab3000 	C:\Windows\System32\RPCRT4.dll
0x00007fffdbdf0000 - 0x00007fffdbe17000 	C:\Windows\System32\bcrypt.dll
0x00007fffdcf50000 - 0x00007fffdd0ed000 	C:\Windows\System32\USER32.dll
0x00007fffdbc30000 - 0x00007fffdbc52000 	C:\Windows\System32\win32u.dll
0x00007fffdca10000 - 0x00007fffdca3b000 	C:\Windows\System32\GDI32.dll
0x00007fffdbb10000 - 0x00007fffdbc27000 	C:\Windows\System32\gdi32full.dll
0x00007fffdbf90000 - 0x00007fffdc02d000 	C:\Windows\System32\msvcp_win.dll
0x00007fffc7c30000 - 0x00007fffc7eca000 	C:\Windows\WinSxS\amd64_microsoft.windows.common-controls_6595b64144ccf1df_6.0.19041.4355_none_60b8b9eb71f62e16\COMCTL32.dll
0x00007fffd3f00000 - 0x00007fffd3f0a000 	C:\Windows\SYSTEM32\VERSION.dll
0x00007fffdd8a0000 - 0x00007fffdd8cf000 	C:\Windows\System32\IMM32.DLL
0x00007fffd6cf0000 - 0x00007fffd6cfc000 	C:\Program Files\Java\jdk-22\bin\vcruntime140_1.dll
0x00007fff8cc60000 - 0x00007fff8ccee000 	C:\Program Files\Java\jdk-22\bin\msvcp140.dll
0x00007fff6baa0000 - 0x00007fff6c7e7000 	C:\Program Files\Java\jdk-22\bin\server\jvm.dll
0x00007fffdd300000 - 0x00007fffdd36b000 	C:\Windows\System32\WS2_32.dll
0x00007fffdb460000 - 0x00007fffdb4ab000 	C:\Windows\SYSTEM32\POWRPROF.dll
0x00007fffbad70000 - 0x00007fffbad97000 	C:\Windows\SYSTEM32\WINMM.dll
0x00007fffdb3d0000 - 0x00007fffdb3e2000 	C:\Windows\SYSTEM32\UMPDC.dll
0x00007fffd9710000 - 0x00007fffd9722000 	C:\Windows\SYSTEM32\kernel.appcore.dll
0x00007fffd6c30000 - 0x00007fffd6c3a000 	C:\Program Files\Java\jdk-22\bin\jimage.dll
0x00007fffd90d0000 - 0x00007fffd92b4000 	C:\Windows\SYSTEM32\DBGHELP.DLL
0x00007fffb3a70000 - 0x00007fffb3aa4000 	C:\Windows\SYSTEM32\dbgcore.DLL
0x00007fffdbc60000 - 0x00007fffdbce2000 	C:\Windows\System32\bcryptPrimitives.dll
0x00007fffd44c0000 - 0x00007fffd44de000 	C:\Program Files\Java\jdk-22\bin\java.dll
0x00007fffdc110000 - 0x00007fffdc87f000 	C:\Windows\System32\SHELL32.dll
0x00007fffdc880000 - 0x00007fffdc9ab000 	C:\Windows\System32\ole32.dll
0x00007fffdd540000 - 0x00007fffdd893000 	C:\Windows\System32\combase.dll

dbghelp: loaded successfully - version: 4.0.5 - missing functions: none
symbol engine: initialized successfully - sym options: 0x614 - pdb path: .;C:\Program Files\Java\jdk-22\bin;C:\Windows\SYSTEM32;C:\Windows\WinSxS\amd64_microsoft.windows.common-controls_6595b64144ccf1df_6.0.19041.4355_none_60b8b9eb71f62e16;C:\Program Files\Java\jdk-22\bin\server

VM Arguments:
jvm_args: -Dfile.encoding=UTF-8 -Dstdout.encoding=UTF-8 -Dstderr.encoding=UTF-8 --module-path=C:\Users\novakami\Documents\Java\gachasim\bin -XX:+ShowCodeDetailsInExceptionMessages -Djdk.module.main=gachasim 
java_command: gachasim/gachasim.GachaSim
java_class_path (initial): <not set>
Launcher Type: SUN_STANDARD

[Global flags]
     intx CICompilerCount                          = 3                                         {product} {ergonomic}
     uint ConcGCThreads                            = 1                                         {product} {ergonomic}
     uint G1ConcRefinementThreads                  = 4                                         {product} {ergonomic}
   size_t G1HeapRegionSize                         = 1048576                                   {product} {ergonomic}
   size_t InitialHeapSize                          = 134217728                                 {product} {ergonomic}
   size_t MarkStackSize                            = 4194304                                   {product} {ergonomic}
   size_t MaxHeapSize                              = 2120220672                                {product} {ergonomic}
   size_t MinHeapDeltaBytes                        = 1048576                                   {product} {ergonomic}
   size_t MinHeapSize                              = 8388608                                   {product} {ergonomic}
    uintx NonNMethodCodeHeapSize                   = 5832780                                {pd product} {ergonomic}
    uintx NonProfiledCodeHeapSize                  = 122912730                              {pd product} {ergonomic}
    uintx ProfiledCodeHeapSize                     = 122912730                              {pd product} {ergonomic}
    uintx ReservedCodeCacheSize                    = 251658240                              {pd product} {ergonomic}
     bool SegmentedCodeCache                       = true                                      {product} {ergonomic}
     bool ShowCodeDetailsInExceptionMessages       = true                                   {manageable} {command line}
   size_t SoftMaxHeapSize                          = 2120220672                             {manageable} {ergonomic}
     bool UseCompressedOops                        = true                           {product lp64_product} {ergonomic}
     bool UseG1GC                                  = true                                      {product} {ergonomic}
     bool UseLargePagesIndividualAllocation        = false                                  {pd product} {ergonomic}

Logging:
Log output configuration:
 #0: stdout all=warning uptime,level,tags foldmultilines=false
 #1: stderr all=off uptime,level,tags foldmultilines=false

Environment Variables:
PATH=C:\Program Files\Common Files\Oracle\Java\javapath;C:\Program Files (x86)\Common Files\Intel\Shared Libraries\redist\intel64\compiler;C:\MinGW\bin;C:\Windows\system32;C:\Windows;C:\Windows\System32\Wbem;C:\Windows\System32\WindowsPowerShell\v1.0\;C:\Windows\System32\OpenSSH\;C:\Program Files\nodejs\;C:\Program Files\dotnet\;C:\Program Files\Microsoft SQL Server\150\Tools\Binn\;C:\Program Files\Microsoft SQL Server\Client SDK\ODBC\170\Tools\Binn\;C:\Program Files (x86)\scrcpy-win64-v2.4;C:\Program Files\Git\cmd;C:\Users\novakami\AppData\Local\Programs\Python\Launcher\;C:\Users\novakami\AppData\Local\Microsoft\WindowsApps;C:\Users\novakami\AppData\Local\Programs\Microsoft VS Code\bin;C:\Users\novakami\AppData\Roaming\npm;C:\Users\novakami\.dotnet\tools;C:\Users\novakami\miniconda3;C:\Users\novakami\miniconda3\Library\mingw-w64\bin;C:\Users\novakami\miniconda3\Library\usr\bin;C:\Users\novakami\miniconda3\Library\bin;C:\Users\novakami\miniconda3\Scripts;C:\Users\novakami\AppData\Local\GitHubDesktop\bin
USERNAME=novakami
OS=Windows_NT
PROCESSOR_IDENTIFIER=Intel64 Family 6 Model 78 Stepping 3, GenuineIntel
TMP=C:\Users\novakami\AppData\Local\Temp
TEMP=C:\Users\novakami\AppData\Local\Temp




Periodic native trim disabled

---------------  S Y S T E M  ---------------

OS:
 Windows 10 , 64 bit Build 19041 (10.0.19041.4957)
OS uptime: 5 days 9:00 hours

CPU: total 4 (initial active 4) (2 cores per cpu, 2 threads per core) family 6 model 78 stepping 3 microcode 0xf0, cx8, cmov, fxsr, ht, mmx, 3dnowpref, sse, sse2, sse3, ssse3, sse4.1, sse4.2, popcnt, lzcnt, tsc, tscinvbit, avx, avx2, aes, erms, clmul, bmi1, bmi2, rtm, adx, fma, vzeroupper, clflush, clflushopt, rdtscp, f16c
Processor Information for all 4 processors :
  Max Mhz: 2501, Current Mhz: 2501, Mhz Limit: 2501

Memory: 4k page, system-wide physical 8083M (851M free)
TotalPageFile size 18880M (AvailPageFile size 32M)
current process WorkingSet (physical memory assigned to process): 11M, peak: 11M
current process commit charge ("private bytes"): 52M, peak: 180M

vm_info: Java HotSpot(TM) 64-Bit Server VM (22.0.1+8-16) for windows-amd64 JRE (22.0.1+8-16), built on 2024-03-12T10:33:16Z by "mach5one" with MS VC++ 17.6 (VS2022)

END.
